Using pre-set license
Built from '2020.3/staging' branch; Version is '2020.3.22f1 (e1a7f79fd887) revision 14788599'; Using compiler version '192528614'; Build Type 'Release'
OS: 'Windows 10 Home Single Language; OS build 19044.1566; Version 2009; 64bit' Language: 'en' Physical Memory: 7598 MB
BatchMode: 1, IsHumanControllingUs: 0, StartBugReporterOnCrash: 0, Is64bit: 1, IsPro: 0

COMMAND LINE ARGUMENTS:
C:\Program Files\Unity\Hub\Editor\2020.3.22f1\Editor\Unity.exe
-adb2
-batchMode
-noUpm
-name
AssetImportWorker0
-projectPath
D:/Project/UnityGameDevelopmentProject/Sci-fi_Tech_UnityFPS/Sci-fi Demo
-logFile
Logs/AssetImportWorker0.log
-srvPort
64854
Successfully changed project path to: D:/Project/UnityGameDevelopmentProject/Sci-fi_Tech_UnityFPS/Sci-fi Demo
D:/Project/UnityGameDevelopmentProject/Sci-fi_Tech_UnityFPS/Sci-fi Demo
Using Asset Import Pipeline V2.
Refreshing native plugins compatible for Editor in 120.01 ms, found 2 plugins.
Preloading 0 native plugins for Editor in 0.00 ms.
Initialize engine version: 2020.3.22f1 (e1a7f79fd887)
[Subsystems] Discovering subsystems at path C:/Program Files/Unity/Hub/Editor/2020.3.22f1/Editor/Data/Resources/UnitySubsystems
[Subsystems] Discovering subsystems at path D:/Project/UnityGameDevelopmentProject/Sci-fi_Tech_UnityFPS/Sci-fi Demo/Assets
GfxDevice: creating device client; threaded=0
Direct3D:
    Version:  Direct3D 11.0 [level 11.1]
    Renderer: NVIDIA GeForce RTX 3050 Laptop GPU (ID=0x25a2)
    Vendor:   
    VRAM:     3991 MB
    Driver:   30.0.14.9649
Initialize mono
Mono path[0] = 'C:/Program Files/Unity/Hub/Editor/2020.3.22f1/Editor/Data/Managed'
Mono path[1] = 'C:/Program Files/Unity/Hub/Editor/2020.3.22f1/Editor/Data/MonoBleedingEdge/lib/mono/unityjit'
Mono config path = 'C:/Program Files/Unity/Hub/Editor/2020.3.22f1/Editor/Data/MonoBleedingEdge/etc'
Using monoOptions --debugger-agent=transport=dt_socket,embedding=1,server=y,suspend=n,address=127.0.0.1:56468
Begin MonoManager ReloadAssembly
Registering precompiled unity dll's ...
Register platform support module: C:/Program Files/Unity/Hub/Editor/2020.3.22f1/Editor/Data/PlaybackEngines/WebGLSupport/UnityEditor.WebGL.Extensions.dll
Register platform support module: C:/Program Files/Unity/Hub/Editor/2020.3.22f1/Editor/Data/PlaybackEngines/WindowsStandaloneSupport/UnityEditor.WindowsStandalone.Extensions.dll
Registered in 0.005706 seconds.
Native extension for WindowsStandalone target not found
Native extension for WebGL target not found
Refreshing native plugins compatible for Editor in 46.76 ms, found 2 plugins.
Preloading 0 native plugins for Editor in 0.00 ms.
Mono: successfully reloaded assembly
- Completed reload, in  6.157 seconds
Domain Reload Profiling:
	ReloadAssembly (6158ms)
		BeginReloadAssembly (152ms)
			ExecutionOrderSort (0ms)
			DisableScriptedObjects (0ms)
			BackupInstance (0ms)
			ReleaseScriptingObjects (0ms)
			CreateAndSetChildDomain (5ms)
		EndReloadAssembly (892ms)
			LoadAssemblies (142ms)
			RebuildTransferFunctionScriptingTraits (2ms)
			SetupTypeCache (269ms)
			ReleaseScriptCaches (0ms)
			RebuildScriptCaches (49ms)
			SetupLoadedEditorAssemblies (396ms)
				LogAssemblyErrors (0ms)
				InitializePlatformSupportModulesInManaged (10ms)
				SetLoadedEditorAssemblies (0ms)
				RefreshPlugins (47ms)
				BeforeProcessingInitializeOnLoad (32ms)
				ProcessInitializeOnLoadAttributes (226ms)
				ProcessInitializeOnLoadMethodAttributes (80ms)
				AfterProcessingInitializeOnLoad (0ms)
				EditorAssembliesLoaded (1ms)
			ExecutionOrderSort2 (0ms)
			AwakeInstancesAfterBackupRestoration (0ms)
Platform modules already initialized, skipping
Registering precompiled user dll's ...
Registered in 0.019944 seconds.
Begin MonoManager ReloadAssembly
Native extension for WindowsStandalone target not found
Native extension for WebGL target not found
Refreshing native plugins compatible for Editor in 0.85 ms, found 2 plugins.
Preloading 0 native plugins for Editor in 0.00 ms.
Mono: successfully reloaded assembly
- Completed reload, in  1.814 seconds
Domain Reload Profiling:
	ReloadAssembly (1817ms)
		BeginReloadAssembly (173ms)
			ExecutionOrderSort (0ms)
			DisableScriptedObjects (7ms)
			BackupInstance (0ms)
			ReleaseScriptingObjects (0ms)
			CreateAndSetChildDomain (29ms)
		EndReloadAssembly (1576ms)
			LoadAssemblies (130ms)
			RebuildTransferFunctionScriptingTraits (0ms)
			SetupTypeCache (477ms)
			ReleaseScriptCaches (0ms)
			RebuildScriptCaches (56ms)
			SetupLoadedEditorAssemblies (745ms)
				LogAssemblyErrors (0ms)
				InitializePlatformSupportModulesInManaged (16ms)
				SetLoadedEditorAssemblies (1ms)
				RefreshPlugins (1ms)
				BeforeProcessingInitializeOnLoad (173ms)
				ProcessInitializeOnLoadAttributes (497ms)
				ProcessInitializeOnLoadMethodAttributes (40ms)
				AfterProcessingInitializeOnLoad (16ms)
				EditorAssembliesLoaded (1ms)
			ExecutionOrderSort2 (0ms)
			AwakeInstancesAfterBackupRestoration (25ms)
Platform modules already initialized, skipping
========================================================================
Worker process is ready to serve import requests
Launched and connected shader compiler UnityShaderCompiler.exe after 0.18 seconds
Refreshing native plugins compatible for Editor in 0.92 ms, found 2 plugins.
Preloading 0 native plugins for Editor in 0.00 ms.
Unloading 1551 Unused Serialized files (Serialized files now loaded: 0)
System memory in use before: 71.3 MB.
System memory in use after: 71.4 MB.

Unloading 19 unused Assets to reduce memory usage. Loaded Objects now: 1984.
Total: 11.490600 ms (FindLiveObjects: 0.533800 ms CreateObjectMapping: 0.099600 ms MarkObjects: 9.800400 ms  DeleteObjects: 1.053500 ms)

AssetImportParameters requested are different than current active one (requested -> active):
  custom:framework-win-MediaFoundation: 216162199b28c13a410421893ffa2e32 -> 
  custom:video-decoder-ogg-theora: a1e56fd34408186e4bbccfd4996cb3dc -> 
  custom:container-muxer-webm: aa71ff27fc2769a1b78a27578f13a17b -> 
  custom:container-demuxer-webm: 4f35f7cbe854078d1ac9338744f61a02 -> 
  custom:container-demuxer-ogg: 62fdf1f143b41e24485cea50d1cbac27 -> 
  custom:video-encoder-webm-vp8: eb34c28f22e8b96e1ab97ce403110664 -> 
  custom:video-codec-MediaFoundation-h265: 746d11721c4dcdbdad8f713fa42b33f4 -> 
  custom:video-decoder-webm-vp8: 9c59270c3fd7afecdb556c50c9e8de78 -> 
  custom:audio-decoder-ogg-vorbis: bf7c407c2cedff20999df2af8eb42d56 -> 
  custom:audio-encoder-webm-vorbis: bf7c407c2cedff20999df2af8eb42d56 -> 
========================================================================
Received Import Request.
  path: Assets/Game/Level_Dont_Touch/Standard Assets/Utility
  artifactKey: Guid(96921311f36bb49fc9c252cd76b92487) Importer(815301076,1909f56bfc062723c751e8b465ee728b)
Start importing Assets/Game/Level_Dont_Touch/Standard Assets/Utility using Guid(96921311f36bb49fc9c252cd76b92487) Importer(815301076,1909f56bfc062723c751e8b465ee728b)  -> (artifact id: '166549319c898ecdb308d16a57f8bfed') in 0.028964 seconds 
  Import took 0.035692 seconds .

========================================================================
Received Import Request.
  Time since last request: 0.000772 seconds.
  path: Assets/Game/Level_Dont_Touch/Standard Assets/Editor
  artifactKey: Guid(21ecbd972f05d4f1dbe9b9a63c60aa44) Importer(815301076,1909f56bfc062723c751e8b465ee728b)
Start importing Assets/Game/Level_Dont_Touch/Standard Assets/Editor using Guid(21ecbd972f05d4f1dbe9b9a63c60aa44) Importer(815301076,1909f56bfc062723c751e8b465ee728b)  -> (artifact id: '937766cfb4b26cbb4168f57b99b4d8ff') in 0.014802 seconds 
  Import took 0.020143 seconds .

========================================================================
Received Import Request.
  Time since last request: 0.000263 seconds.
  path: Assets/Game/Level_Dont_Touch
  artifactKey: Guid(9ad40ec4082bdec40b4da34344b82e5b) Importer(815301076,1909f56bfc062723c751e8b465ee728b)
Start importing Assets/Game/Level_Dont_Touch using Guid(9ad40ec4082bdec40b4da34344b82e5b) Importer(815301076,1909f56bfc062723c751e8b465ee728b)  -> (artifact id: 'bd02130d6a1e7623f32830f3b89891c6') in 0.016162 seconds 
  Import took 0.020640 seconds .

========================================================================
Received Import Request.
  Time since last request: 0.000358 seconds.
  path: Assets/Game/Level_Dont_Touch/Standard Assets/CrossPlatformInput
  artifactKey: Guid(03a26a9fb5189436eae7e5c6af86a33e) Importer(815301076,1909f56bfc062723c751e8b465ee728b)
Start importing Assets/Game/Level_Dont_Touch/Standard Assets/CrossPlatformInput using Guid(03a26a9fb5189436eae7e5c6af86a33e) Importer(815301076,1909f56bfc062723c751e8b465ee728b)  -> (artifact id: '635ffe0a6304cdb162e99b180b52eace') in 0.020036 seconds 
  Import took 0.023860 seconds .

========================================================================
Received Import Request.
  Time since last request: 0.000318 seconds.
  path: Assets/Game/Level_Dont_Touch/Standard Assets/Utility/ActivateTrigger.cs
  artifactKey: Guid(c8634e062924929664361c08745211fb) Importer(815301076,1909f56bfc062723c751e8b465ee728b)
Start importing Assets/Game/Level_Dont_Touch/Standard Assets/Utility/ActivateTrigger.cs using Guid(c8634e062924929664361c08745211fb) Importer(815301076,1909f56bfc062723c751e8b465ee728b)  -> (artifact id: 'b12eec4dcc370bdc8a600511fb85f357') in 0.084604 seconds 
  Import took 0.088995 seconds .

========================================================================
Received Prepare
Registering precompiled user dll's ...
Registered in 0.012731 seconds.
Begin MonoManager ReloadAssembly
Native extension for WindowsStandalone target not found
Native extension for WebGL target not found
Refreshing native plugins compatible for Editor in 0.70 ms, found 2 plugins.
Preloading 0 native plugins for Editor in 0.00 ms.
Mono: successfully reloaded assembly
- Completed reload, in  1.819 seconds
Domain Reload Profiling:
	ReloadAssembly (1856ms)
		BeginReloadAssembly (614ms)
			ExecutionOrderSort (0ms)
			DisableScriptedObjects (46ms)
			BackupInstance (0ms)
			ReleaseScriptingObjects (1ms)
			CreateAndSetChildDomain (332ms)
		EndReloadAssembly (1127ms)
			LoadAssemblies (154ms)
			RebuildTransferFunctionScriptingTraits (0ms)
			SetupTypeCache (402ms)
			ReleaseScriptCaches (1ms)
			RebuildScriptCaches (44ms)
			SetupLoadedEditorAssemblies (421ms)
				LogAssemblyErrors (0ms)
				InitializePlatformSupportModulesInManaged (11ms)
				SetLoadedEditorAssemblies (1ms)
				RefreshPlugins (1ms)
				BeforeProcessingInitializeOnLoad (81ms)
				ProcessInitializeOnLoadAttributes (307ms)
				ProcessInitializeOnLoadMethodAttributes (13ms)
				AfterProcessingInitializeOnLoad (7ms)
				EditorAssembliesLoaded (1ms)
			ExecutionOrderSort2 (0ms)
			AwakeInstancesAfterBackupRestoration (6ms)
Platform modules already initialized, skipping
Refreshing native plugins compatible for Editor in 0.59 ms, found 2 plugins.
Preloading 0 native plugins for Editor in 0.00 ms.
Unloading 1540 Unused Serialized files (Serialized files now loaded: 0)
System memory in use before: 70.6 MB.
System memory in use after: 70.7 MB.

Unloading 14 unused Assets to reduce memory usage. Loaded Objects now: 1986.
Total: 10.678600 ms (FindLiveObjects: 0.789400 ms CreateObjectMapping: 0.101200 ms MarkObjects: 9.745600 ms  DeleteObjects: 0.040400 ms)

AssetImportParameters requested are different than current active one (requested -> active):
  custom:framework-win-MediaFoundation: 216162199b28c13a410421893ffa2e32 -> 
  custom:video-decoder-ogg-theora: a1e56fd34408186e4bbccfd4996cb3dc -> 
  custom:container-muxer-webm: aa71ff27fc2769a1b78a27578f13a17b -> 
  custom:container-demuxer-webm: 4f35f7cbe854078d1ac9338744f61a02 -> 
  custom:container-demuxer-ogg: 62fdf1f143b41e24485cea50d1cbac27 -> 
  custom:video-encoder-webm-vp8: eb34c28f22e8b96e1ab97ce403110664 -> 
  custom:video-codec-MediaFoundation-h265: 746d11721c4dcdbdad8f713fa42b33f4 -> 
  custom:video-decoder-webm-vp8: 9c59270c3fd7afecdb556c50c9e8de78 -> 
  custom:audio-decoder-ogg-vorbis: bf7c407c2cedff20999df2af8eb42d56 -> 
  custom:audio-encoder-webm-vorbis: bf7c407c2cedff20999df2af8eb42d56 -> 
========================================================================
Received Import Request.
  Time since last request: 505.769427 seconds.
  path: Assets
  artifactKey: Guid(00000000000000001000000000000000) Importer(815301076,1909f56bfc062723c751e8b465ee728b)
Start importing Assets using Guid(00000000000000001000000000000000) Importer(815301076,1909f56bfc062723c751e8b465ee728b)  -> (artifact id: '42d402b061de3733987d63b9cc3b64de') in 0.017674 seconds 
  Import took 0.023093 seconds .

========================================================================
Received Import Request.
  Time since last request: 0.687527 seconds.
  path: Assets/Game
  artifactKey: Guid(5653e3d5ee3931b4db974555dc218258) Importer(815301076,1909f56bfc062723c751e8b465ee728b)
Start importing Assets/Game using Guid(5653e3d5ee3931b4db974555dc218258) Importer(815301076,1909f56bfc062723c751e8b465ee728b)  -> (artifact id: '699d3265c72f07b6e6665222cc08fca7') in 0.009735 seconds 
  Import took 0.013680 seconds .

========================================================================
Received Import Request.
  Time since last request: 6.824219 seconds.
  path: Assets/Game/_Scenes
  artifactKey: Guid(cbc2f691f54816040a44ef496595e3f2) Importer(815301076,1909f56bfc062723c751e8b465ee728b)
Start importing Assets/Game/_Scenes using Guid(cbc2f691f54816040a44ef496595e3f2) Importer(815301076,1909f56bfc062723c751e8b465ee728b)  -> (artifact id: '480320bcce3015471a6d385c779f3e07') in 0.011669 seconds 
  Import took 0.015990 seconds .

========================================================================
Received Import Request.
  Time since last request: 4.523187 seconds.
  path: Assets/Game/Scenes
  artifactKey: Guid(f68777a90e8d72a4c8d33c3d68797147) Importer(815301076,1909f56bfc062723c751e8b465ee728b)
Start importing Assets/Game/Scenes using Guid(f68777a90e8d72a4c8d33c3d68797147) Importer(815301076,1909f56bfc062723c751e8b465ee728b)  -> (artifact id: '320d909ccdc0712fb8dbde855de4575c') in 0.011267 seconds 
  Import took 0.014974 seconds .

========================================================================
Received Import Request.
  Time since last request: 460.392991 seconds.
  path: Assets/Game/Game_Models/Level.prefab
  artifactKey: Guid(93fb048d0136f084cb1f783ca99e5ea7) Importer(815301076,1909f56bfc062723c751e8b465ee728b)
Start importing Assets/Game/Game_Models/Level.prefab using Guid(93fb048d0136f084cb1f783ca99e5ea7) Importer(815301076,1909f56bfc062723c751e8b465ee728b)  -> (artifact id: '580215b218ed619a543f49f156a2ecf2') in 3.313751 seconds 
  Import took 3.343039 seconds .

========================================================================
Received Import Request.
  Time since last request: 518.027107 seconds.
  path: Assets/Game/_Scripts
  artifactKey: Guid(d9ffbe431f717284086110e99a4aff73) Importer(815301076,1909f56bfc062723c751e8b465ee728b)
Start importing Assets/Game/_Scripts using Guid(d9ffbe431f717284086110e99a4aff73) Importer(815301076,1909f56bfc062723c751e8b465ee728b)  -> (artifact id: 'bff0ec8a940a4494ae7d64d12b7f99be') in 0.018602 seconds 
  Import took 0.067545 seconds .

========================================================================
Received Import Request.
  Time since last request: 8602.961108 seconds.
  path: Assets/Game/Skybox/Cubemaps
  artifactKey: Guid(05ed5ae0357ba2b42acc61e9297be678) Importer(815301076,1909f56bfc062723c751e8b465ee728b)
Start importing Assets/Game/Skybox/Cubemaps using Guid(05ed5ae0357ba2b42acc61e9297be678) Importer(815301076,1909f56bfc062723c751e8b465ee728b)  -> (artifact id: '458899779cb0093fc3491f28171500b8') in 0.020714 seconds 
  Import took 0.072257 seconds .

========================================================================
Received Import Request.
  Time since last request: 1.604553 seconds.
  path: Assets/Game/Skybox/Cubemaps/daytime.hdr
  artifactKey: Guid(1cde0e200e792cb4491204276a656490) Importer(815301076,1909f56bfc062723c751e8b465ee728b)
Start importing Assets/Game/Skybox/Cubemaps/daytime.hdr using Guid(1cde0e200e792cb4491204276a656490) Importer(815301076,1909f56bfc062723c751e8b465ee728b)  -> (artifact id: 'e727350860ad0930ea1f49c1b70812de') in 0.419178 seconds 
  Import took 0.427030 seconds .

========================================================================
Received Import Request.
  Time since last request: 0.964387 seconds.
  path: Assets/Game/Skybox/Cubemaps/sunset.hdr
  artifactKey: Guid(656a59a5ff93c46498416d97e5c16b66) Importer(815301076,1909f56bfc062723c751e8b465ee728b)
Start importing Assets/Game/Skybox/Cubemaps/sunset.hdr using Guid(656a59a5ff93c46498416d97e5c16b66) Importer(815301076,1909f56bfc062723c751e8b465ee728b)  -> (artifact id: 'e5541185ede369054222a0f226b9c317') in 0.174571 seconds 
  Import took 0.181545 seconds .

========================================================================
Received Import Request.
  Time since last request: 8.083192 seconds.
  path: Assets/Game/Level_Dont_Touch/Environment_Model/Materials/SleepyZ.mat
  artifactKey: Guid(1a154997a08254f4ab6fb216e582bc17) Importer(815301076,1909f56bfc062723c751e8b465ee728b)
Start importing Assets/Game/Level_Dont_Touch/Environment_Model/Materials/SleepyZ.mat using Guid(1a154997a08254f4ab6fb216e582bc17) Importer(815301076,1909f56bfc062723c751e8b465ee728b)  -> (artifact id: 'baf045b230002bf48c248ab3a90a6be8') in 0.157288 seconds 
  Import took 0.161562 seconds .

========================================================================
Received Import Request.
  Time since last request: 907.711371 seconds.
  path: Assets/Game/Level_Dont_Touch/Environment_Model/Effects/hit_marker_particle/Prefabs/hit_marker.prefab
  artifactKey: Guid(0438351a6e6422d43a09930e9be00ee9) Importer(815301076,1909f56bfc062723c751e8b465ee728b)
Start importing Assets/Game/Level_Dont_Touch/Environment_Model/Effects/hit_marker_particle/Prefabs/hit_marker.prefab using Guid(0438351a6e6422d43a09930e9be00ee9) Importer(815301076,1909f56bfc062723c751e8b465ee728b)  -> (artifact id: 'ecf42218cafffba8bb67617c96d808fd') in 0.238658 seconds 
  Import took 0.245795 seconds .

========================================================================
Received Import Request.
  Time since last request: 0.000303 seconds.
  path: Assets/Game/Level_Dont_Touch/Environment_Model/Textures/Environment/Market/MarketCoffeeSignAlbedo.png
  artifactKey: Guid(ee1701bd3676de14c86a6f7cedc08177) Importer(815301076,1909f56bfc062723c751e8b465ee728b)
Start importing Assets/Game/Level_Dont_Touch/Environment_Model/Textures/Environment/Market/MarketCoffeeSignAlbedo.png using Guid(ee1701bd3676de14c86a6f7cedc08177) Importer(815301076,1909f56bfc062723c751e8b465ee728b)  -> (artifact id: 'f3571e2cc296f87f360d9302bd0f005e') in 0.233730 seconds 
  Import took 0.239577 seconds .

========================================================================
Received Import Request.
  Time since last request: 0.000248 seconds.
  path: Assets/Game/Level_Dont_Touch/Environment_Model/Models/Materials/Market_PriceTags.mat
  artifactKey: Guid(9f2b76bcc97ed4c458415a01884d5d29) Importer(815301076,1909f56bfc062723c751e8b465ee728b)
Start importing Assets/Game/Level_Dont_Touch/Environment_Model/Models/Materials/Market_PriceTags.mat using Guid(9f2b76bcc97ed4c458415a01884d5d29) Importer(815301076,1909f56bfc062723c751e8b465ee728b)  -> (artifact id: 'e03c3be3990fe8fb0876e34305ba0f51') in 0.088453 seconds 
  Import took 0.092762 seconds .

========================================================================
Received Import Request.
  Time since last request: 0.000310 seconds.
  path: Assets/Game/Level_Dont_Touch/Environment_Model/Materials/Market/MarketAircon.mat
  artifactKey: Guid(895e35e06e2d8fc448bb48e11a72ffb8) Importer(815301076,1909f56bfc062723c751e8b465ee728b)
Start importing Assets/Game/Level_Dont_Touch/Environment_Model/Materials/Market/MarketAircon.mat using Guid(895e35e06e2d8fc448bb48e11a72ffb8) Importer(815301076,1909f56bfc062723c751e8b465ee728b)  -> (artifact id: '0c85e56eef227cc307e28bca29d871e1') in 0.026985 seconds 
  Import took 0.031651 seconds .

========================================================================
Received Import Request.
  Time since last request: 0.000289 seconds.
  path: Assets/Game/Game_Models/Market_Collision.FBX
  artifactKey: Guid(e582ad25494856c48a62bb7a4e4b4143) Importer(815301076,1909f56bfc062723c751e8b465ee728b)
Start importing Assets/Game/Game_Models/Market_Collision.FBX using Guid(e582ad25494856c48a62bb7a4e4b4143) Importer(815301076,1909f56bfc062723c751e8b465ee728b)  -> (artifact id: 'b4ef1ec6bbb1ee80503f9f45285ec195') in 0.151043 seconds 
  Import took 0.156400 seconds .

========================================================================
Received Import Request.
  Time since last request: 0.000282 seconds.
  path: Assets/Game/Level_Dont_Touch/Environment_Model/Models/Materials/Market_Crates.mat
  artifactKey: Guid(4f73650538e7e9447aa0531dc0120177) Importer(815301076,1909f56bfc062723c751e8b465ee728b)
Start importing Assets/Game/Level_Dont_Touch/Environment_Model/Models/Materials/Market_Crates.mat using Guid(4f73650538e7e9447aa0531dc0120177) Importer(815301076,1909f56bfc062723c751e8b465ee728b)  -> (artifact id: '5ff1a10780e81eba8f197c09b1990b4b') in 0.030013 seconds 
  Import took 0.035047 seconds .

========================================================================
Received Import Request.
  Time since last request: 0.000318 seconds.
  path: Assets/Game/Level_Dont_Touch/Environment_Model/Models/Materials/Market_Aircon.mat
  artifactKey: Guid(683667ff6f3a8784b8e9a7104b170b4e) Importer(815301076,1909f56bfc062723c751e8b465ee728b)
Start importing Assets/Game/Level_Dont_Touch/Environment_Model/Models/Materials/Market_Aircon.mat using Guid(683667ff6f3a8784b8e9a7104b170b4e) Importer(815301076,1909f56bfc062723c751e8b465ee728b)  -> (artifact id: '47c3f0470ebe8f5bf99a0259c27dc90f') in 0.029173 seconds 
  Import took 0.033454 seconds .

========================================================================
Received Import Request.
  Time since last request: 0.000270 seconds.
  path: Assets/Game/Level_Dont_Touch/Environment_Model/Textures/Environment/Market/MarketFishSignNeon.png
  artifactKey: Guid(1f7e69f695c34aa4eb96e9309660d3bb) Importer(815301076,1909f56bfc062723c751e8b465ee728b)
Start importing Assets/Game/Level_Dont_Touch/Environment_Model/Textures/Environment/Market/MarketFishSignNeon.png using Guid(1f7e69f695c34aa4eb96e9309660d3bb) Importer(815301076,1909f56bfc062723c751e8b465ee728b)  -> (artifact id: 'c9a113ac028b86b68ac6a972e8274b96') in 0.086772 seconds 
  Import took 0.091150 seconds .

========================================================================
Received Import Request.
  Time since last request: 0.000316 seconds.
  path: Assets/Game/Effects/Hit_Marker.prefab
  artifactKey: Guid(0dca392d0ad60af418c1bace1abde0c6) Importer(815301076,1909f56bfc062723c751e8b465ee728b)
Start importing Assets/Game/Effects/Hit_Marker.prefab using Guid(0dca392d0ad60af418c1bace1abde0c6) Importer(815301076,1909f56bfc062723c751e8b465ee728b)  -> (artifact id: '11605c5b7ef8cfd3eb00812de60b5aad') in 0.041646 seconds 
  Import took 0.047376 seconds .

========================================================================
Received Import Request.
  Time since last request: 0.128581 seconds.
  path: Assets/Game/Level_Dont_Touch/Environment_Model/Textures/Environment/Market/MarketAirconAlbedo.tif
  artifactKey: Guid(4f6289a78d017ac4b932e0d8ce9e30d5) Importer(815301076,1909f56bfc062723c751e8b465ee728b)
Start importing Assets/Game/Level_Dont_Touch/Environment_Model/Textures/Environment/Market/MarketAirconAlbedo.tif using Guid(4f6289a78d017ac4b932e0d8ce9e30d5) Importer(815301076,1909f56bfc062723c751e8b465ee728b)  -> (artifact id: '5ce5c8277d5b8155c5c549baa489e414') in 0.030032 seconds 
  Import took 0.033978 seconds .

========================================================================
Received Import Request.
  Time since last request: 0.000264 seconds.
  path: Assets/Game/Level_Dont_Touch/Environment_Model/Textures/Environment/Market/MarketAirconDustyAlbedo.tif
  artifactKey: Guid(e0a211eebe68147499136790d8011a29) Importer(815301076,1909f56bfc062723c751e8b465ee728b)
Start importing Assets/Game/Level_Dont_Touch/Environment_Model/Textures/Environment/Market/MarketAirconDustyAlbedo.tif using Guid(e0a211eebe68147499136790d8011a29) Importer(815301076,1909f56bfc062723c751e8b465ee728b)  -> (artifact id: 'f7fc69db1cdff42987ce150161a0598b') in 0.029029 seconds 
  Import took 0.033117 seconds .

========================================================================
Received Import Request.
  Time since last request: 0.000260 seconds.
  path: Assets/Game/Audio/MarketAmbient.ogg
  artifactKey: Guid(2133d76a50380f84b8c2275c2f348c29) Importer(815301076,1909f56bfc062723c751e8b465ee728b)
Start importing Assets/Game/Audio/MarketAmbient.ogg using Guid(2133d76a50380f84b8c2275c2f348c29) Importer(815301076,1909f56bfc062723c751e8b465ee728b)  -> (artifact id: '913f68f2113352748ec7507c64e41888') in 0.108886 seconds 
  Import took 0.112795 seconds .

========================================================================
Received Import Request.
  Time since last request: 1.771583 seconds.
  path: Assets/Game/Level_Dont_Touch/Environment_Model/Materials/Market/MarketFloorTileSand.mat
  artifactKey: Guid(3a48947a76978074795eb630980e7e56) Importer(815301076,1909f56bfc062723c751e8b465ee728b)
Start importing Assets/Game/Level_Dont_Touch/Environment_Model/Materials/Market/MarketFloorTileSand.mat using Guid(3a48947a76978074795eb630980e7e56) Importer(815301076,1909f56bfc062723c751e8b465ee728b)  -> (artifact id: 'a86d012c28f1bef7e4849dcf98373d39') in 0.024645 seconds 
  Import took 0.029105 seconds .

========================================================================
Received Import Request.
  Time since last request: 0.000276 seconds.
  path: Assets/Game/Level_Dont_Touch/Environment_Model/Textures/Environment/Market/MarketMosaicTilesAlbedo.tif
  artifactKey: Guid(0cdf82aca9d03a94a9bf95f6aa6848eb) Importer(815301076,1909f56bfc062723c751e8b465ee728b)
Start importing Assets/Game/Level_Dont_Touch/Environment_Model/Textures/Environment/Market/MarketMosaicTilesAlbedo.tif using Guid(0cdf82aca9d03a94a9bf95f6aa6848eb) Importer(815301076,1909f56bfc062723c751e8b465ee728b)  -> (artifact id: '704059186e56d8b27596c21c691e968f') in 0.020590 seconds 
  Import took 0.023864 seconds .

========================================================================
Received Import Request.
  Time since last request: 0.000314 seconds.
  path: Assets/Game/Level_Dont_Touch/Environment_Model/Materials/Market/MarketMosaicTiles.mat
  artifactKey: Guid(99bd920f43dd23e478029c6318bf5bbd) Importer(815301076,1909f56bfc062723c751e8b465ee728b)
Start importing Assets/Game/Level_Dont_Touch/Environment_Model/Materials/Market/MarketMosaicTiles.mat using Guid(99bd920f43dd23e478029c6318bf5bbd) Importer(815301076,1909f56bfc062723c751e8b465ee728b)  -> (artifact id: '904338ff105f351dbc8292308da12cec') in 0.062375 seconds 
  Import took 0.066278 seconds .

========================================================================
Received Import Request.
  Time since last request: 0.000273 seconds.
  path: Assets/Game/Level_Dont_Touch/Environment_Model/Textures/Environment/Market/MarketFloorTileSandAlbedo.tif
  artifactKey: Guid(90d75d244446a9644888b0a0305f81f8) Importer(815301076,1909f56bfc062723c751e8b465ee728b)
Start importing Assets/Game/Level_Dont_Touch/Environment_Model/Textures/Environment/Market/MarketFloorTileSandAlbedo.tif using Guid(90d75d244446a9644888b0a0305f81f8) Importer(815301076,1909f56bfc062723c751e8b465ee728b)  -> (artifact id: 'a74913f4e52bf8b1b4cc68e597a35df9') in 0.018313 seconds 
  Import took 0.022291 seconds .

========================================================================
Received Import Request.
  Time since last request: 0.000257 seconds.
  path: Assets/Game/Level_Dont_Touch/Environment_Model/Textures/Environment/Market/MarketFloorTileSandAlbedo 1.tif
  artifactKey: Guid(89876c2014fc44dcb90c0143a0cbe7b8) Importer(815301076,1909f56bfc062723c751e8b465ee728b)
Start importing Assets/Game/Level_Dont_Touch/Environment_Model/Textures/Environment/Market/MarketFloorTileSandAlbedo 1.tif using Guid(89876c2014fc44dcb90c0143a0cbe7b8) Importer(815301076,1909f56bfc062723c751e8b465ee728b)  -> (artifact id: '7f89444372d2c01692465323fca912eb') in 0.023502 seconds 
  Import took 0.026902 seconds .

========================================================================
Received Import Request.
  Time since last request: 0.000342 seconds.
  path: Assets/Game/Level_Dont_Touch/Environment_Model/Textures/Environment/Market/MarketMosaicTilesAlbedo 1.tif
  artifactKey: Guid(78b5d9511f3f0403bb9ab3f2ce773644) Importer(815301076,1909f56bfc062723c751e8b465ee728b)
Start importing Assets/Game/Level_Dont_Touch/Environment_Model/Textures/Environment/Market/MarketMosaicTilesAlbedo 1.tif using Guid(78b5d9511f3f0403bb9ab3f2ce773644) Importer(815301076,1909f56bfc062723c751e8b465ee728b)  -> (artifact id: 'f3a81ce4210f8607a37c4852e189dd8a') in 0.027256 seconds 
  Import took 0.031736 seconds .

========================================================================
Received Import Request.
  Time since last request: 211.152920 seconds.
  path: Assets/Game/Level_Dont_Touch/Environment_Model/Materials/Market/MarketFloorTileSand.mat
  artifactKey: Guid(3a48947a76978074795eb630980e7e56) Importer(815301076,1909f56bfc062723c751e8b465ee728b)
Start importing Assets/Game/Level_Dont_Touch/Environment_Model/Materials/Market/MarketFloorTileSand.mat using Guid(3a48947a76978074795eb630980e7e56) Importer(815301076,1909f56bfc062723c751e8b465ee728b)  -> (artifact id: '318005f1758c9f19b5a2b229618861df') in 0.054594 seconds 
  Import took 0.060443 seconds .

========================================================================
Received Import Request.
  Time since last request: 167.419475 seconds.
  path: Assets/Game/Level_Dont_Touch/Environment_Model/Market/LightingData.asset
  artifactKey: Guid(a2ec3523b59843b4ebd5bc714a10ec50) Importer(815301076,1909f56bfc062723c751e8b465ee728b)
Start importing Assets/Game/Level_Dont_Touch/Environment_Model/Market/LightingData.asset using Guid(a2ec3523b59843b4ebd5bc714a10ec50) Importer(815301076,1909f56bfc062723c751e8b465ee728b) Lighting data asset ‘LightingData’ is inconsistent because 1 files out of 4 are missing.  Please use Generate Lighting to rebuild the lighting data.
Lighting data asset ‘LightingData’ is incompatible with the current Unity version. Please use Generate Lighting to rebuild the lighting data.  Realtime Global Illumination cannot be used until the lighting data is rebuilt.
 -> (artifact id: '2ae50bea677d41a71e06eb5acba1a8ac') in 0.621445 seconds 
  Import took 0.800307 seconds .

========================================================================
Received Import Request.
  Time since last request: 22.062985 seconds.
  path: Assets/Game/Level_Dont_Touch/Environment_Model/Materials/SecurityRoom/SecurityRoomVent.mat
  artifactKey: Guid(672c629381309834cb348cf9b63f30ee) Importer(815301076,1909f56bfc062723c751e8b465ee728b)
Start importing Assets/Game/Level_Dont_Touch/Environment_Model/Materials/SecurityRoom/SecurityRoomVent.mat using Guid(672c629381309834cb348cf9b63f30ee) Importer(815301076,1909f56bfc062723c751e8b465ee728b)  -> (artifact id: 'b44b95c73bea3fb0eb7a1613f7ed392b') in 1.551894 seconds 
  Import took 1.591772 seconds .

========================================================================
Received Import Request.
  Time since last request: 0.004961 seconds.
  path: Assets/Game/Level_Dont_Touch/Environment_Model/Materials/SecurityRoom/SecurityRoomWallVents.mat
  artifactKey: Guid(bb6df24b93c940a4da548a5cd5049cfd) Importer(815301076,1909f56bfc062723c751e8b465ee728b)
Start importing Assets/Game/Level_Dont_Touch/Environment_Model/Materials/SecurityRoom/SecurityRoomWallVents.mat using Guid(bb6df24b93c940a4da548a5cd5049cfd) Importer(815301076,1909f56bfc062723c751e8b465ee728b)  -> (artifact id: '3297c1366769d68f6a4805f8a695e301') in 0.330495 seconds 
  Import took 0.435709 seconds .

========================================================================
Received Import Request.
  Time since last request: 0.000940 seconds.
  path: Assets/Game/Level_Dont_Touch/Environment_Model/Materials/SecurityRoom/SecurityRoomWallsTrim.mat
  artifactKey: Guid(ff3385cc426b6ee47adfa876571fcafa) Importer(815301076,1909f56bfc062723c751e8b465ee728b)
Start importing Assets/Game/Level_Dont_Touch/Environment_Model/Materials/SecurityRoom/SecurityRoomWallsTrim.mat using Guid(ff3385cc426b6ee47adfa876571fcafa) Importer(815301076,1909f56bfc062723c751e8b465ee728b)  -> (artifact id: 'f02c7a3ae02d4668639a8d5c08162133') in 0.646744 seconds 
  Import took 0.681911 seconds .

========================================================================
Received Import Request.
  Time since last request: 0.005396 seconds.
  path: Assets/Game/Level_Dont_Touch/Environment_Model/Materials/SecurityRoom/SecurityRoomWallsRed.mat
  artifactKey: Guid(e510d81a6cef85c46bf8fcf18f5a2beb) Importer(815301076,1909f56bfc062723c751e8b465ee728b)
Start importing Assets/Game/Level_Dont_Touch/Environment_Model/Materials/SecurityRoom/SecurityRoomWallsRed.mat using Guid(e510d81a6cef85c46bf8fcf18f5a2beb) Importer(815301076,1909f56bfc062723c751e8b465ee728b)  -> (artifact id: 'a2b9eefeb5a7ce96e1ff0e34b6379720') in 0.393936 seconds 
  Import took 0.567975 seconds .

========================================================================
Received Import Request.
  Time since last request: 0.001507 seconds.
  path: Assets/Game/Skybox/Cubemaps/Materials/sunset.mat
  artifactKey: Guid(0534a03965e39d14a89c3793fcfea25b) Importer(815301076,1909f56bfc062723c751e8b465ee728b)
Start importing Assets/Game/Skybox/Cubemaps/Materials/sunset.mat using Guid(0534a03965e39d14a89c3793fcfea25b) Importer(815301076,1909f56bfc062723c751e8b465ee728b)  -> (artifact id: 'b1db54c22a73942281eb9a2a65202fec') in 1.210192 seconds 
  Import took 1.274579 seconds .

========================================================================
Received Import Request.
  Time since last request: 0.001813 seconds.
  path: Assets/Game/Effects/Trail.mat
  artifactKey: Guid(928c4cd2df43e4b48b0f8c364c809f2e) Importer(815301076,1909f56bfc062723c751e8b465ee728b)
Start importing Assets/Game/Effects/Trail.mat using Guid(928c4cd2df43e4b48b0f8c364c809f2e) Importer(815301076,1909f56bfc062723c751e8b465ee728b)  -> (artifact id: '5d8fec5f11a09c95298c85502cdfae97') in 0.145341 seconds 
  Import took 0.160478 seconds .

========================================================================
Received Import Request.
  Time since last request: 0.001079 seconds.
  path: Assets/Game/Level_Dont_Touch/Environment_Model/Materials/SecurityRoom/SecurityRoomWallsTrimLight.mat
  artifactKey: Guid(824b1fb490125bf478e2e6d8006f6a66) Importer(815301076,1909f56bfc062723c751e8b465ee728b)
Start importing Assets/Game/Level_Dont_Touch/Environment_Model/Materials/SecurityRoom/SecurityRoomWallsTrimLight.mat using Guid(824b1fb490125bf478e2e6d8006f6a66) Importer(815301076,1909f56bfc062723c751e8b465ee728b)  -> (artifact id: '4b6c6c365bd3faf6352647121db32dc8') in 0.117872 seconds 
  Import took 0.146302 seconds .

========================================================================
Received Import Request.
  Time since last request: 0.009363 seconds.
  path: Assets/Game/Skybox/Materials/Skybox_Sunset.mat
  artifactKey: Guid(4067de1a02072244798361060c5e7325) Importer(815301076,1909f56bfc062723c751e8b465ee728b)
Start importing Assets/Game/Skybox/Materials/Skybox_Sunset.mat using Guid(4067de1a02072244798361060c5e7325) Importer(815301076,1909f56bfc062723c751e8b465ee728b)  -> (artifact id: 'c12928458622563a1565716ae047ad84') in 0.701769 seconds 
  Import took 0.735590 seconds .

========================================================================
Received Import Request.
  Time since last request: 0.001575 seconds.
  path: Assets/Game/Level_Dont_Touch/Environment_Model/Western Props/Models/Wooden Crate/Materials/Wooden_Crate.mat
  artifactKey: Guid(b0f94b4f453fe694390c7390253f3543) Importer(815301076,1909f56bfc062723c751e8b465ee728b)
Start importing Assets/Game/Level_Dont_Touch/Environment_Model/Western Props/Models/Wooden Crate/Materials/Wooden_Crate.mat using Guid(b0f94b4f453fe694390c7390253f3543) Importer(815301076,1909f56bfc062723c751e8b465ee728b)  -> (artifact id: '3b392932201a318eea4acf4bc3207aff') in 0.605548 seconds 
  Import took 0.618121 seconds .

========================================================================
Received Import Request.
  Time since last request: 0.000545 seconds.
  path: Assets/Game/Level_Dont_Touch/Environment_Model/Materials/Characters/SharkmanMaterial.mat
  artifactKey: Guid(d788c05ebea28de4db00723fccb2e638) Importer(815301076,1909f56bfc062723c751e8b465ee728b)
Start importing Assets/Game/Level_Dont_Touch/Environment_Model/Materials/Characters/SharkmanMaterial.mat using Guid(d788c05ebea28de4db00723fccb2e638) Importer(815301076,1909f56bfc062723c751e8b465ee728b)  -> (artifact id: 'af44af251b8345313968472b4f64cd92') in 0.374681 seconds 
  Import took 0.430857 seconds .

========================================================================
Received Import Request.
  Time since last request: 0.000654 seconds.
  path: Assets/Game/Level_Dont_Touch/Environment_Model/Western Props/Models/Wooden Crate/Materials/Wooden_Crate_Cracked.mat
  artifactKey: Guid(66740e5b2fdc35444a4aa5eff60832bd) Importer(815301076,1909f56bfc062723c751e8b465ee728b)
Start importing Assets/Game/Level_Dont_Touch/Environment_Model/Western Props/Models/Wooden Crate/Materials/Wooden_Crate_Cracked.mat using Guid(66740e5b2fdc35444a4aa5eff60832bd) Importer(815301076,1909f56bfc062723c751e8b465ee728b)  -> (artifact id: '2bf9d5afec06cdbdc3e3d6519c44cf45') in 0.417447 seconds 
  Import took 0.432382 seconds .

========================================================================
Received Import Request.
  Time since last request: 0.001471 seconds.
  path: Assets/Game/Level_Dont_Touch/Environment_Model/Materials/SecurityRoom/SecurityRoomWallsGrey.mat
  artifactKey: Guid(c663c1ef3240d9b419354431013f17fe) Importer(815301076,1909f56bfc062723c751e8b465ee728b)
Start importing Assets/Game/Level_Dont_Touch/Environment_Model/Materials/SecurityRoom/SecurityRoomWallsGrey.mat using Guid(c663c1ef3240d9b419354431013f17fe) Importer(815301076,1909f56bfc062723c751e8b465ee728b)  -> (artifact id: '59e5c892085a84f8b3cded4cb04dca49') in 0.675682 seconds 
  Import took 0.702386 seconds .

========================================================================
Received Import Request.
  Time since last request: 0.004391 seconds.
  path: Assets/Game/Level_Dont_Touch/Environment_Model/Sci-Fi Weapons/Base Pack/Sniper/Materials/Sniper_04.mat
  artifactKey: Guid(c093ccf3e4be9324b9141c5908f14b4d) Importer(815301076,1909f56bfc062723c751e8b465ee728b)
Start importing Assets/Game/Level_Dont_Touch/Environment_Model/Sci-Fi Weapons/Base Pack/Sniper/Materials/Sniper_04.mat using Guid(c093ccf3e4be9324b9141c5908f14b4d) Importer(815301076,1909f56bfc062723c751e8b465ee728b)  -> (artifact id: 'd61d3d95ad2e81422ee7e2cf7e7bd1a1') in 1.360182 seconds 
  Import took 1.390433 seconds .

========================================================================
Received Import Request.
  Time since last request: 0.001457 seconds.
  path: Assets/Game/Skybox/Materials/Skybox_Daytime.mat
  artifactKey: Guid(71f14a2d79f732f4d9893ef1b911f4ff) Importer(815301076,1909f56bfc062723c751e8b465ee728b)
Start importing Assets/Game/Skybox/Materials/Skybox_Daytime.mat using Guid(71f14a2d79f732f4d9893ef1b911f4ff) Importer(815301076,1909f56bfc062723c751e8b465ee728b)  -> (artifact id: 'a26f6c777fc8bccc2e886fa9bbaa06d9') in 0.501540 seconds 
  Import took 0.557463 seconds .

AssetImportWorkerClient::OnTransportError - code=2 error=End of file
